Start testing: Sep 12 22:40 KST
----------------------------------------------------------
1/4 Testing: examples.hello_run
1/4 Test: examples.hello_run
Command: "/home/makepluscode/EtherCATSimulator/build/examples/hello/examples_hello"
Directory: /home/makepluscode/EtherCATSimulator/build/examples/hello
"examples.hello_run" start time: Sep 12 22:40 KST
Output:
----------------------------------------------------------
Hello EtherCAT Simulator
[ethercat_sim] NetworkSimulator initialized
[ethercat_sim] NetworkSimulator tick
<end of output>
Test time =   0.00 sec
----------------------------------------------------------
Test Passed.
"examples.hello_run" end time: Sep 12 22:40 KST
"examples.hello_run" time elapsed: 00:00:00
----------------------------------------------------------

2/4 Testing: examples.kickcat_scan_run
2/4 Test: examples.kickcat_scan_run
Command: "/home/makepluscode/EtherCATSimulator/build/examples/kickcat_scan/examples_kickcat_scan"
Directory: /home/makepluscode/EtherCATSimulator/build/examples/kickcat_scan
"examples.kickcat_scan_run" start time: Sep 12 22:40 KST
Output:
----------------------------------------------------------
[ethercat_sim] NetworkSimulator initialized
KickCAT linked. Detected slaves: 2
<end of output>
Test time =   0.00 sec
----------------------------------------------------------
Test Passed.
"examples.kickcat_scan_run" end time: Sep 12 22:40 KST
"examples.kickcat_scan_run" time elapsed: 00:00:00
----------------------------------------------------------

3/4 Testing: NetworkSimulator.Loopback_WhenLinkUp_SendsAndReceives
3/4 Test: NetworkSimulator.Loopback_WhenLinkUp_SendsAndReceives
Command: "/home/makepluscode/EtherCATSimulator/build/tests/test_network_simulator" "--gtest_filter=NetworkSimulator.Loopback_WhenLinkUp_SendsAndReceives" "--gtest_also_run_disabled_tests"
Directory: /home/makepluscode/EtherCATSimulator/build/tests
"NetworkSimulator.Loopback_WhenLinkUp_SendsAndReceives" start time: Sep 12 22:40 KST
Output:
----------------------------------------------------------
Running main() from /home/makepluscode/EtherCATSimulator/.conan2/p/b/gtestaae71829f8d6a/b/src/googletest/src/gtest_main.cc
Note: Google Test filter = NetworkSimulator.Loopback_WhenLinkUp_SendsAndReceives
[==========] Running 1 test from 1 test suite.
[----------] Global test environment set-up.
[----------] 1 test from NetworkSimulator
[ RUN      ] NetworkSimulator.Loopback_WhenLinkUp_SendsAndReceives
[ethercat_sim] NetworkSimulator initialized
[       OK ] NetworkSimulator.Loopback_WhenLinkUp_SendsAndReceives (0 ms)
[----------] 1 test from NetworkSimulator (0 ms total)

[----------] Global test environment tear-down
[==========] 1 test from 1 test suite ran. (0 ms total)
[  PASSED  ] 1 test.
<end of output>
Test time =   0.00 sec
----------------------------------------------------------
Test Passed.
"NetworkSimulator.Loopback_WhenLinkUp_SendsAndReceives" end time: Sep 12 22:40 KST
"NetworkSimulator.Loopback_WhenLinkUp_SendsAndReceives" time elapsed: 00:00:00
----------------------------------------------------------

4/4 Testing: NetworkSimulator.SendReceive_WhenLinkDown_Fails
4/4 Test: NetworkSimulator.SendReceive_WhenLinkDown_Fails
Command: "/home/makepluscode/EtherCATSimulator/build/tests/test_network_simulator" "--gtest_filter=NetworkSimulator.SendReceive_WhenLinkDown_Fails" "--gtest_also_run_disabled_tests"
Directory: /home/makepluscode/EtherCATSimulator/build/tests
"NetworkSimulator.SendReceive_WhenLinkDown_Fails" start time: Sep 12 22:40 KST
Output:
----------------------------------------------------------
Running main() from /home/makepluscode/EtherCATSimulator/.conan2/p/b/gtestaae71829f8d6a/b/src/googletest/src/gtest_main.cc
Note: Google Test filter = NetworkSimulator.SendReceive_WhenLinkDown_Fails
[==========] Running 1 test from 1 test suite.
[----------] Global test environment set-up.
[----------] 1 test from NetworkSimulator
[ RUN      ] NetworkSimulator.SendReceive_WhenLinkDown_Fails
[ethercat_sim] NetworkSimulator initialized
[       OK ] NetworkSimulator.SendReceive_WhenLinkDown_Fails (0 ms)
[----------] 1 test from NetworkSimulator (0 ms total)

[----------] Global test environment tear-down
[==========] 1 test from 1 test suite ran. (0 ms total)
[  PASSED  ] 1 test.
<end of output>
Test time =   0.00 sec
----------------------------------------------------------
Test Passed.
"NetworkSimulator.SendReceive_WhenLinkDown_Fails" end time: Sep 12 22:40 KST
"NetworkSimulator.SendReceive_WhenLinkDown_Fails" time elapsed: 00:00:00
----------------------------------------------------------

End testing: Sep 12 22:40 KST
